2018-07-16 13:15:14,470 - HOME Page
2018-07-16 13:15:14,872 - ȡMODELSб
2018-07-16 13:15:16,239 - ״
2018-07-16 13:15:16,723 - ȡAchievement Rateʱ
2018-07-16 13:15:16,726 - m_planǷ
2018-07-16 13:15:16,742 - ȡtime_table
2018-07-16 13:15:16,743 - ȡdefect
2018-07-16 13:15:17,074 - ȡѡModelSummaryһ
2018-07-16 13:15:17,079 - ͳѡModelline/AssyϢ
2018-07-16 13:15:17,079 - ȡѡModelSummaryһ
2018-07-16 13:15:17,082 - ͳѡModelline/AssyϢ
2018-07-16 15:44:38,622 - HOME Page
2018-07-16 15:44:39,164 - ȡMODELSб
2018-07-16 15:44:40,743 - ״
2018-07-16 15:44:41,339 - m_planǷ
2018-07-16 15:44:41,342 - ȡAchievement Rateʱ
2018-07-16 15:44:41,358 - ȡtime_table
2018-07-16 15:44:41,360 - ȡdefect
2018-07-16 15:44:41,880 - ȡѡModelSummaryһ
2018-07-16 15:44:41,894 - ȡѡModelSummaryһ
2018-07-16 15:44:41,897 - ͳѡModelline/AssyϢ
2018-07-16 15:44:41,898 - ͳѡModelline/AssyϢ
2018-09-20 10:22:28,363 - HOME Page
2018-09-20 10:22:29,416 - ȡMODELSб
2018-09-20 10:22:30,475 - ״
2018-09-20 10:22:30,996 - m_planǷ
2018-09-20 10:22:30,997 - ȡAchievement Rateʱ
2018-09-20 10:22:31,034 - ȡtime_table
2018-09-20 10:22:31,038 - ȡdefect
2018-09-20 10:22:31,300 - ȡѡModelSummaryһ
2018-09-20 10:22:31,307 - ȡѡModelSummaryһ
2018-09-20 10:22:31,316 - ͳѡModelline/AssyϢ
2018-09-20 10:22:31,325 - ͳѡModelline/AssyϢ
2018-09-20 10:22:41,342 - sn tracertҳ
2018-09-20 10:22:44,245 - ȡLINESб
2018-09-20 10:22:44,265 - ȡconfigϢ
2018-09-20 10:22:57,358 - ʾλϢԼλµĸƷ״Ϣ
2018-09-20 10:23:01,702 - ȡconfigϢ
2018-09-20 10:23:01,855 - ȡconfigϢ
2018-09-20 10:23:03,525 - ʾλϢԼλµĸƷ״Ϣ
2018-09-20 10:23:36,584 - sn tracertҳ
2018-09-20 10:23:36,767 - ȡLINESб
2018-09-20 10:23:36,806 - ȡconfigϢ
2018-09-20 10:24:22,154 - sn tracertҳ
2018-09-20 10:24:22,750 - ȡLINESб
2018-09-20 10:24:22,790 - ȡconfigϢ
2018-09-20 10:26:16,765 - ʾλϢԼλµĸƷ״Ϣ
2018-09-20 10:26:23,785 - ʾλϢԼλµĸƷ״Ϣ
2018-09-20 10:26:43,657 - sn tracertҳ
2018-09-20 10:26:44,177 - ȡLINESб
2018-09-20 10:26:44,233 - ȡconfigϢ
2018-09-20 10:26:45,647 - ʾλϢԼλµĸƷ״Ϣ
2018-09-20 10:26:53,206 - ʾλϢԼλµĸƷ״Ϣ
2018-09-20 10:27:26,812 - ʾλϢԼλµĸƷ״Ϣ
2018-09-20 10:28:38,866 - sn tracertҳ
2018-09-20 10:28:39,088 - ȡLINESб
2018-09-20 10:28:39,138 - ȡconfigϢ
2018-09-20 10:28:45,058 - ʾλϢԼλµĸƷ״Ϣ
2018-08-05 14:20:54,511 - HOME Page
2018-08-05 14:20:54,873 - ȡMODELSб
2018-08-05 14:20:56,030 - ״
2018-08-05 14:20:56,409 - m_planǷ
2018-08-05 14:20:56,410 - ȡAchievement Rateʱ
2018-08-05 14:20:56,439 - ȡtime_table
2018-08-05 14:20:56,457 - ȡdefect
2018-08-05 14:20:56,532 - ȡѡModelSummaryһ
2018-08-05 14:20:56,539 - ȡѡModelSummaryһ
2018-08-05 14:20:56,549 - ͳѡModelline/AssyϢ
2018-08-05 14:20:56,560 - ͳѡModelline/AssyϢ
2018-08-05 14:21:00,736 - sn tracertҳ
2018-08-05 14:21:03,880 - ȡLINESб
2018-08-05 14:21:03,956 - ȡconfigϢ
2018-08-05 14:21:09,683 - ʾλϢԼλµĸƷ״Ϣ
2018-08-05 14:21:28,212 - ʾλϢԼλµĸƷ״Ϣ
2018-08-05 14:21:30,398 - ʾλϢԼλµĸƷ״Ϣ
2018-08-05 14:21:59,245 - ʾλϢԼλµĸƷ״Ϣ
2018-08-05 14:22:57,588 - ʾλϢԼλµĸƷ״Ϣ
2018-08-05 14:23:24,028 - ʾλϢԼλµĸƷ״Ϣ
2018-09-21 08:58:15,858 - sn tracertҳ
2018-09-21 08:58:16,453 - ȡLINESб
2018-09-21 08:58:16,506 - ȡconfigϢ
2018-09-21 08:58:19,742 - ȡconfigϢ
2018-09-21 08:58:19,973 - ȡconfigϢ
2018-09-21 08:58:22,380 - ȡconfigϢ
2018-09-21 08:58:27,674 - ʾλϢԼλµĸƷ״Ϣ
2018-09-21 08:58:49,442 - ʾλϢԼλµĸƷ״Ϣ
2018-09-21 09:01:18,379 - ʾλϢԼλµĸƷ״Ϣ
2018-08-05 14:10:47,528 - HOME Page
2018-08-05 14:10:47,944 - ȡMODELSб
2018-08-05 14:13:43,835 - HOME Page
2018-08-05 14:13:44,064 - ȡMODELSб
2018-08-05 14:13:45,026 - ״
2018-08-05 14:13:45,445 - m_planǷ
2018-08-05 14:13:45,446 - ȡAchievement Rateʱ
2018-08-05 14:13:45,472 - ȡtime_table
2018-08-05 14:13:45,483 - ȡdefect
2018-08-05 14:13:45,762 - ȡѡModelSummaryһ
2018-08-05 14:13:45,770 - ȡѡModelSummaryһ
2018-08-05 14:13:45,775 - ͳѡModelline/AssyϢ
2018-08-05 14:13:45,780 - ͳѡModelline/AssyϢ
2018-08-05 14:14:00,817 - ȡѡModelSummaryһ
2018-08-05 14:14:00,825 - ȡѡModelSummaryһ
2018-08-05 14:14:00,833 - ͳѡModelline/AssyϢ
2018-08-05 14:14:00,841 - ͳѡModelline/AssyϢ
2018-08-05 14:14:25,378 - ʵ
2018-08-05 14:14:25,786 - ȡLINESб
2018-08-05 14:14:26,051 - assy,date,time_part,ȡFirstλϢһ
2018-08-05 14:14:29,566 - ȡѡModelSummaryһ
2018-08-05 14:14:29,585 - ȡѡModelSummaryһ
2018-08-05 14:14:29,599 - ͳѡModelline/AssyϢ
2018-08-05 14:14:29,613 - ͳѡModelline/AssyϢ
2018-08-05 14:14:40,317 - ȡѡModelSummaryһ
2018-08-05 14:14:40,321 - ȡѡModelSummaryһ
2018-08-05 14:14:40,332 - ͳѡModelline/AssyϢ
2018-08-05 14:14:40,340 - ͳѡModelline/AssyϢ
2018-08-05 14:15:44,020 - ʵ
2018-08-05 14:15:44,526 - ȡLINESб
2018-08-05 14:15:44,729 - assy,date,time_part,ȡFirstλϢһ
2018-08-05 14:15:45,636 - assy,date,time_part,ȡSecondλϢһ
2018-08-05 14:15:58,436 - ʵ
2018-08-05 14:15:59,537 - ȡLINESб
2018-08-05 14:15:59,747 - assy,date,time_part,ȡFirstλϢһ
2018-08-05 14:16:00,492 - assy,date,time_part,ȡSecondλϢһ
2018-08-05 14:16:44,077 - ʵ
2018-08-05 14:16:44,533 - ȡLINESб
2018-08-05 14:16:44,715 - assy,date,time_part,ȡFirstλϢһ
2018-08-05 14:16:45,582 - assy,date,time_part,ȡSecondλϢһ
2018-08-05 14:17:38,791 - ʵ
2018-08-05 14:17:39,540 - ȡLINESб
2018-08-05 14:17:39,843 - assy,date,time_part,ȡFirstλϢһ
2018-08-05 14:17:40,505 - assy,date,time_part,ȡSecondλϢһ
2018-08-05 14:17:49,340 - Progressҳ
2018-08-05 14:17:49,998 - m_planǷ
2018-08-05 14:17:50,015 - ȡtime_table
2018-08-05 14:17:50,033 - ȡdefect
2018-08-05 14:17:50,035 - ȡԶ
2018-08-05 14:17:50,107 - ȡѡModelSummaryһ
2018-08-05 14:17:50,116 - ȡProcess
2018-08-05 14:17:50,123 - ȡProcess
2018-08-05 14:19:23,998 - ʵ
2018-08-05 14:19:24,547 - ȡLINESб
2018-08-05 14:19:24,757 - assy,date,time_part,ȡFirstλϢһ
2018-08-05 14:19:25,193 - assy,date,time_part,ȡSecondλϢһ
2018-08-05 14:19:30,300 - sn tracertҳ
2018-08-05 14:19:30,731 - ȡLINESб
2018-08-05 14:19:30,773 - ȡconfigϢ
2018-08-05 14:19:32,252 - ʾλϢԼλµĸƷ״Ϣ
2018-08-05 14:19:35,355 - ȡconfigϢ
2018-08-05 14:19:37,811 - ȡconfigϢ
2018-08-05 14:19:40,348 - ʾλϢԼλµĸƷ״Ϣ
2018-08-05 14:21:32,553 - ȡconfigϢ
2018-08-05 14:21:33,024 - ȡconfigϢ
2018-08-05 14:21:39,536 - ȡconfigϢ
2018-08-05 14:21:43,272 - ʾλϢԼλµĸƷ״Ϣ
2018-08-05 14:21:52,521 - ȡconfigϢ
2018-08-05 14:21:52,721 - ȡconfigϢ
2018-08-05 14:21:53,161 - ȡconfigϢ
2018-08-05 14:21:54,633 - ȡconfigϢ
2018-08-05 14:21:54,833 - ȡconfigϢ
2018-08-05 14:21:55,025 - ȡconfigϢ
2018-08-05 14:21:56,320 - ʾλϢԼλµĸƷ״Ϣ
2018-08-05 14:21:58,913 - ʾλϢԼλµĸƷ״Ϣ
2018-08-05 14:28:53,572 - ȡconfigϢ
2018-08-05 14:28:53,795 - ȡconfigϢ
2018-08-05 14:28:53,987 - ȡconfigϢ
2018-08-05 14:28:54,183 - ȡconfigϢ
2018-08-05 14:28:54,322 - ȡconfigϢ
2018-08-05 14:28:55,580 - ʾλϢԼλµĸƷ״Ϣ
2018-08-05 14:29:44,229 - ȡconfigϢ
2018-08-05 14:29:44,878 - ȡconfigϢ
2018-08-05 14:29:45,086 - ȡconfigϢ
2018-08-05 14:29:45,269 - ȡconfigϢ
2018-08-05 14:29:45,437 - ȡconfigϢ
2018-08-05 14:29:45,958 - ȡconfigϢ
2018-08-05 14:29:46,389 - ȡconfigϢ
2018-08-05 14:29:48,909 - ʾλϢԼλµĸƷ״Ϣ
2018-08-05 14:29:51,231 - ȡconfigϢ
2018-08-05 14:29:52,246 - ʾλϢԼλµĸƷ״Ϣ
2018-08-05 14:31:34,164 - defectҳ
2018-08-05 14:31:34,508 - ȡLINESб
2018-08-05 14:31:34,517 - ȡtop rank
2018-08-05 14:35:22,654 - ״
2018-08-05 14:35:22,946 - ȡAchievement Rateʱ
2018-08-05 14:35:22,951 - m_planǷ
2018-08-05 14:35:22,987 - ȡtime_table
2018-08-05 14:35:22,998 - ȡdefect
2018-08-05 14:35:23,080 - ȡѡModelSummaryһ
2018-08-05 14:35:23,086 - ȡѡModelSummaryһ
2018-08-05 14:35:23,096 - ͳѡModelline/AssyϢ
2018-08-05 14:35:23,105 - ͳѡModelline/AssyϢ
2018-08-05 14:37:54,915 - defect paretoҳ
2018-08-05 14:37:58,441 - defect paretoҳ
2018-08-05 14:38:52,597 - ״
2018-08-05 14:38:52,921 - ȡAchievement Rateʱ
2018-08-05 14:38:52,926 - m_planǷ
2018-08-05 14:38:52,971 - ȡtime_table
2018-08-05 14:38:53,004 - ȡdefect
2018-08-05 14:38:53,106 - ȡѡModelSummaryһ
2018-08-05 14:38:53,109 - ȡѡModelSummaryһ
2018-08-05 14:38:53,123 - ͳѡModelline/AssyϢ
2018-08-05 14:38:53,136 - ͳѡModelline/AssyϢ
2018-08-05 14:41:34,151 - ȡѡModelSummaryһ
2018-08-05 14:41:34,163 - ȡѡModelSummaryһ
2018-08-05 14:41:34,177 - ͳѡModelline/AssyϢ
2018-08-05 14:41:34,186 - ͳѡModelline/AssyϢ
2018-08-05 14:41:51,470 - ȡѡModelSummaryһ
2018-08-05 14:41:51,478 - ȡѡModelSummaryһ
2018-08-05 14:41:51,491 - ͳѡModelline/AssyϢ
2018-08-05 14:41:51,508 - ͳѡModelline/AssyϢ
2018-08-05 14:43:47,766 - ʵ
2018-08-05 14:43:48,228 - assyȡline
2018-08-05 14:43:48,311 - ȡLINESб
2018-08-05 14:43:48,491 - assy,date,time_part,ȡFirstλϢһ
2018-08-05 14:43:49,269 - assy,date,time_part,ȡSecondλϢһ
2018-08-05 14:43:52,055 - ״
2018-08-05 14:43:52,453 - ȡAchievement Rateʱ
2018-08-05 14:43:52,460 - m_planǷ
2018-08-05 14:43:52,512 - ȡtime_table
2018-08-05 14:43:52,518 - ȡdefect
2018-08-05 14:43:52,595 - ȡѡModelSummaryһ
2018-08-05 14:43:52,610 - ȡѡModelSummaryһ
2018-08-05 14:43:52,625 - ͳѡModelline/AssyϢ
2018-08-05 14:43:52,638 - ͳѡModelline/AssyϢ
2018-08-05 14:45:13,600 - trendҳ
2018-08-05 14:45:14,087 - ȡLINESб
2018-08-05 14:45:14,103 - ȡdefect
2018-08-05 14:45:14,112 - ȡhistory target
2018-08-05 14:45:14,113 - ȡdefect
2018-08-05 14:45:14,133 - ȡhistory assy
2018-08-05 14:45:14,147 - ȡobjects
2018-08-05 14:45:14,169 - ȡdata type
2018-08-05 14:45:18,785 - ʼhistory
2018-08-05 14:45:38,392 - trendҳ
2018-08-05 14:45:38,640 - ȡLINESб
2018-08-05 14:45:38,655 - ȡdefect
2018-08-05 14:45:38,680 - ȡhistory target
2018-08-05 14:45:38,685 - ȡdefect
2018-08-05 14:45:38,694 - ȡhistory assy
2018-08-05 14:45:38,726 - ȡdata type
2018-08-05 14:45:38,728 - ȡobjects
2018-08-05 14:45:42,346 - ʼhistory
2018-08-05 14:46:26,965 - trendҳ
2018-08-05 14:46:27,131 - ȡLINESб
2018-08-05 14:46:27,145 - ȡdefect
2018-08-05 14:46:27,152 - ȡdefect
2018-08-05 14:46:27,166 - ȡhistory target
2018-08-05 14:46:27,174 - ȡhistory assy
2018-08-05 14:46:27,181 - ȡobjects
2018-08-05 14:46:27,191 - ȡdata type
2018-08-05 14:46:28,320 - ʼhistory
2018-08-05 14:46:50,531 - ʼhistory
2018-08-05 14:47:16,425 - ״
2018-08-05 14:47:16,674 - ȡAchievement Rateʱ
2018-08-05 14:47:16,687 - m_planǷ
2018-08-05 14:47:16,689 - ȡtime_table
2018-08-05 14:47:16,705 - ȡdefect
2018-08-05 14:47:16,860 - ȡѡModelSummaryһ
2018-08-05 14:47:16,865 - ȡѡModelSummaryһ
2018-08-05 14:47:16,876 - ͳѡModelline/AssyϢ
2018-08-05 14:47:16,884 - ͳѡModelline/AssyϢ
2018-08-05 14:47:55,197 - trendҳ
2018-08-05 14:47:55,496 - ȡLINESб
2018-08-05 14:47:55,507 - ȡdefect
2018-08-05 14:47:55,524 - ȡhistory target
2018-08-05 14:47:55,531 - ȡhistory assy
2018-08-05 14:47:55,542 - ȡobjects
2018-08-05 14:47:55,548 - ȡdefect
2018-08-05 14:47:55,556 - ȡdata type
2018-08-05 14:47:58,597 - ʼhistory
2018-08-05 14:48:01,589 - ʼhistory
2018-08-05 14:48:03,580 - ʼhistory
2018-08-05 14:48:04,895 - ʼhistory
2018-08-05 14:48:06,452 - ʼhistory
2018-08-05 14:48:09,708 - ʼhistory
2018-08-05 14:48:16,437 - ʼhistory
2018-08-05 15:02:22,047 - sn tracertҳ
2018-08-05 15:02:22,235 - ȡLINESб
2018-08-05 15:02:22,260 - ȡconfigϢ
2018-08-05 13:47:13,716 - HOME Page
2018-08-05 13:47:15,085 - ȡMODELSб
2018-08-05 13:47:16,529 - ״
2018-08-05 13:47:17,128 - ȡAchievement Rateʱ
2018-08-05 13:47:17,133 - m_planǷ
2018-08-05 13:47:17,157 - ȡtime_table
2018-08-05 13:47:17,170 - ȡdefect
2018-08-05 13:47:17,433 - ȡѡModelSummaryһ
2018-08-05 13:47:17,441 - ȡѡModelSummaryһ
2018-08-05 13:47:17,449 - ͳѡModelline/AssyϢ
2018-08-05 13:47:17,463 - ͳѡModelline/AssyϢ
2018-08-05 13:47:24,974 - HOME Page
2018-08-05 13:47:25,673 - ȡMODELSб
2018-08-05 13:47:49,809 - ״
2018-08-05 13:47:50,275 - m_planǷ
2018-08-05 13:47:50,276 - ȡAchievement Rateʱ
2018-08-05 13:47:50,309 - ȡtime_table
2018-08-05 13:47:50,325 - ȡdefect
2018-08-05 13:47:50,409 - ȡѡModelSummaryһ
2018-08-05 13:47:50,419 - ȡѡModelSummaryһ
2018-08-05 13:47:50,432 - ͳѡModelline/AssyϢ
2018-08-05 13:47:50,442 - ͳѡModelline/AssyϢ
2018-08-05 13:48:03,545 - ȡѡModelSummaryһ
2018-08-05 13:48:03,551 - ȡѡModelSummaryһ
2018-08-05 13:48:03,556 - ͳѡModelline/AssyϢ
2018-08-05 13:48:03,569 - ͳѡModelline/AssyϢ
2018-08-05 13:49:03,185 - ʵ
2018-08-05 13:49:03,814 - ȡLINESб
2018-08-05 13:49:31,175 - assy,date,time_part,ȡFirstλϢһ
2018-08-05 13:49:31,559 - assy,date,time_part,ȡSecondλϢһ
2018-08-05 13:49:53,122 - assy,date,time_part,ȡFirstλϢһ
2018-08-05 13:49:58,020 - assy,date,time_part,ȡSecondλϢһ
2018-08-05 13:50:07,409 - assy,date,time_part,ȡFirstλϢһ
2018-08-05 13:50:08,111 - assy,date,time_part,ȡSecondλϢһ
2018-08-05 13:50:17,428 - sn tracertҳ
2018-08-05 13:50:18,083 - ȡLINESб
2018-08-05 13:50:18,132 - ȡconfigϢ
2018-08-05 13:50:21,935 - ȡconfigϢ
2018-08-05 13:50:22,622 - ȡconfigϢ
2018-08-05 13:50:26,015 - ʾλϢԼλµĸƷ״Ϣ
2018-08-05 13:50:33,412 - chartҳ
2018-08-05 13:50:38,640 - ѯchart
2018-08-05 13:51:04,426 - defectҳ
2018-08-05 13:51:05,085 - ȡLINESб
2018-08-05 13:51:05,102 - ȡtop rank
2018-08-05 13:51:15,856 - defect paretoҳ
2018-08-05 13:51:26,266 - ʼtrend chart
2018-08-05 13:51:26,943 - ȡchart
2018-08-05 13:51:26,954 - ȡdefect
2018-08-05 13:51:49,748 - Progressҳ
2018-08-05 13:51:50,524 - m_planǷ
2018-08-05 13:51:50,560 - ȡԶ
2018-08-05 13:51:50,571 - ȡtime_table
2018-08-05 13:51:50,584 - ȡdefect
2018-08-05 13:51:50,629 - ȡѡModelSummaryһ
2018-08-05 13:51:50,649 - ȡProcess
2018-08-05 13:51:50,656 - ȡProcess
2018-08-05 14:02:48,163 - Progressҳ
2018-08-05 14:02:49,028 - m_planǷ
2018-08-05 14:02:49,070 - ȡtime_table
2018-08-05 14:02:49,084 - ȡԶ
2018-08-05 14:02:49,093 - ȡdefect
2018-08-05 14:02:49,498 - ȡѡModelSummaryһ
2018-08-05 14:02:49,508 - ȡProcess
2018-08-05 14:02:49,522 - ȡProcess
2018-09-25 13:21:17,430 - HOME Page
2018-09-25 13:21:18,994 - ȡMODELSб
2018-09-25 13:21:58,170 - HOME Page
2018-09-25 13:21:58,357 - ȡMODELSб
2018-09-25 13:21:59,603 - ״
2018-09-25 13:22:00,152 - ȡAchievement Rateʱ
2018-09-25 13:22:00,151 - m_planǷ
2018-09-25 13:22:00,192 - ȡtime_table
2018-09-25 13:22:00,198 - ȡdefect
2018-09-25 13:22:00,353 - ȡѡModelSummaryһ
2018-09-25 13:22:00,363 - ͳѡModelline/AssyϢ
2018-09-25 13:22:00,373 - ȡѡModelSummaryһ
2018-09-25 13:22:00,382 - ͳѡModelline/AssyϢ
2018-09-25 13:22:18,701 - Progressҳ
2018-09-25 13:22:19,098 - m_planǷ
2018-09-25 13:22:19,177 - ȡԶ
2018-09-25 13:22:19,182 - ȡtime_table
2018-09-25 13:22:19,218 - ȡdefect
2018-09-25 13:22:19,370 - ȡѡModelSummaryһ
2018-09-25 13:22:19,379 - ȡProcess
2018-09-25 13:22:19,409 - ȡProcess
2018-09-25 13:22:20,739 - ״
2018-09-25 13:22:20,977 - m_planǷ
2018-09-25 13:22:20,986 - ȡAchievement Rateʱ
2018-09-25 13:22:21,083 - ȡtime_table
2018-09-25 13:22:21,108 - ȡdefect
2018-09-25 13:22:21,286 - ȡѡModelSummaryһ
2018-09-25 13:22:21,299 - ȡѡModelSummaryһ
2018-09-25 13:22:21,302 - ͳѡModelline/AssyϢ
2018-09-25 13:22:21,322 - ͳѡModelline/AssyϢ
2018-09-25 13:22:44,502 - ȡѡModelSummaryһ
2018-09-25 13:22:44,511 - ȡѡModelSummaryһ
2018-09-25 13:22:44,516 - ͳѡModelline/AssyϢ
2018-09-25 13:22:44,524 - ͳѡModelline/AssyϢ
2018-09-25 13:23:00,576 - ʵ
2018-09-25 13:23:00,995 - ȡLINESб
2018-09-25 13:23:08,888 - assy,date,time_part,ȡFirstλϢһ
2018-09-25 13:23:09,328 - assy,date,time_part,ȡSecondλϢһ
2018-09-25 13:23:16,527 - assy,date,time_part,ȡFirstλϢһ
2018-09-25 13:23:16,841 - assy,date,time_part,ȡSecondλϢһ
2018-09-25 13:23:20,258 - chartҳ
2018-09-25 13:23:27,594 - ѯchart
2018-09-25 13:23:38,667 - ѯchart
2018-09-25 13:24:01,931 - ѯchart
2018-09-25 13:24:10,533 - sn tracertҳ
2018-09-25 13:24:10,736 - ȡLINESб
2018-09-25 13:24:10,767 - ȡconfigϢ
2018-09-25 13:24:13,028 - ȡconfigϢ
2018-09-25 13:24:13,476 - ȡconfigϢ
2018-09-25 13:24:16,835 - ȡconfigϢ
2018-09-25 13:24:18,811 - ʾλϢԼλµĸƷ״Ϣ
2018-09-25 13:24:24,205 - chartҳ
2018-09-25 13:24:30,374 - ѯchart
2018-10-01 15:49:03,401 - HOME Page
2018-10-01 15:49:04,369 - ȡMODELSб
2018-08-05 13:51:00,407 - HOME Page
2018-08-05 13:51:00,816 - ȡMODELSб
2018-08-05 13:51:06,089 - ״
2018-08-05 13:51:06,629 - ȡAchievement Rateʱ
2018-08-05 13:51:06,635 - m_planǷ
2018-08-05 13:51:06,674 - ȡtime_table
2018-08-05 13:51:06,682 - ȡdefect
2018-08-05 13:51:07,223 - ȡѡModelSummaryһ
2018-08-05 13:51:07,229 - ȡѡModelSummaryһ
2018-08-05 13:51:07,238 - ͳѡModelline/AssyϢ
2018-08-05 13:51:07,246 - ͳѡModelline/AssyϢ
2018-10-18 08:10:05,332 - HOME Page
2018-10-18 08:10:06,307 - ȡMODELSб
2018-10-18 08:10:10,899 - ״
2018-10-18 08:10:11,360 - m_planǷ
2018-10-18 08:10:11,366 - ȡAchievement Rateʱ
2018-10-18 08:10:11,388 - ȡtime_table
2018-10-18 08:10:11,399 - ȡdefect
2018-10-18 08:10:11,802 - ȡѡModelSummaryһ
2018-10-18 08:10:11,804 - ȡѡModelSummaryһ
2018-10-18 08:10:11,809 - ͳѡModelline/AssyϢ
2018-10-18 08:10:11,817 - ͳѡModelline/AssyϢ
2018-08-05 14:12:29,659 - HOME Page
2018-08-05 14:12:30,219 - ȡMODELSб
2018-08-05 14:12:31,916 - ״
2018-08-05 14:12:32,311 - ȡAchievement Rateʱ
2018-08-05 14:12:32,310 - m_planǷ
2018-08-05 14:12:32,344 - ȡdefect
2018-08-05 14:12:32,351 - ȡtime_table
2018-08-05 14:12:32,483 - ȡѡModelSummaryһ
2018-08-05 14:12:32,489 - ȡѡModelSummaryһ
2018-08-05 14:12:32,497 - ͳѡModelline/AssyϢ
2018-08-05 14:12:32,503 - ͳѡModelline/AssyϢ
2018-08-05 14:12:45,771 - ȡѡModelSummaryһ
2018-08-05 14:12:45,777 - ȡѡModelSummaryһ
2018-08-05 14:12:45,785 - ͳѡModelline/AssyϢ
2018-08-05 14:12:45,793 - ͳѡModelline/AssyϢ
2018-08-05 14:40:26,490 - sn tracertҳ
2018-08-05 14:40:27,032 - ȡLINESб
2018-08-05 14:40:27,117 - ȡconfigϢ
2018-08-05 14:40:32,588 - chartҳ
2018-08-05 14:40:38,511 - ѯchart
2018-08-05 14:41:10,676 - ѯchart
2018-08-05 14:41:21,461 - ѯchart
2018-11-02 13:24:25,662 - HOME Page
2018-11-02 13:24:26,640 - ȡMODELSб
2018-11-02 13:24:27,804 - ״
2018-11-02 13:24:28,435 - ȡAchievement Rateʱ
2018-11-02 13:24:28,441 - m_planǷ
2018-11-02 13:24:28,490 - ȡdefect
2018-11-02 13:24:28,493 - ȡtime_table
2018-11-02 13:24:29,034 - ȡѡModelSummaryһ
2018-11-02 13:24:29,037 - ȡѡModelSummaryһ
2018-11-02 13:24:29,047 - ͳѡModelline/AssyϢ
2018-11-02 13:24:29,056 - ͳѡModelline/AssyϢ
2018-11-02 13:24:43,895 - ʵ
2018-11-02 13:24:44,498 - ȡLINESб
2018-11-02 13:25:03,450 - assy,date,time_part,ȡFirstλϢһ
2018-11-02 13:25:04,229 - assy,date,time_part,ȡSecondλϢһ
2018-11-02 13:28:55,700 - assy,date,time_part,ȡFirstλϢһ
2018-11-02 13:40:00,338 - ʵ
2018-11-02 13:40:00,615 - ȡLINESб
2018-11-02 13:40:03,054 - assy,date,time_part,ȡFirstλϢһ
2018-11-02 13:40:32,189 - ʵ
2018-11-02 13:40:32,435 - ȡLINESб
2018-11-02 13:40:34,758 - ʵ
2018-11-02 13:40:34,946 - ȡLINESб
2018-11-02 13:40:36,529 - assy,date,time_part,ȡFirstλϢһ
2018-11-02 13:40:57,626 - ʵ
2018-11-02 13:40:57,816 - ȡLINESб
2018-11-02 13:41:07,285 - assy,date,time_part,ȡFirstλϢһ
2018-11-02 13:42:21,132 - HOME Page
2018-11-02 13:42:21,304 - ȡMODELSб
2018-11-02 13:42:22,503 - ״
2018-11-02 13:42:22,726 - ȡAchievement Rateʱ
2018-11-02 13:42:22,731 - m_planǷ
2018-11-02 13:42:22,772 - ȡtime_table
2018-11-02 13:42:22,781 - ȡdefect
2018-11-02 13:42:22,847 - ȡѡModelSummaryһ
2018-11-02 13:42:22,857 - ȡѡModelSummaryһ
2018-11-02 13:42:22,867 - ͳѡModelline/AssyϢ
2018-11-02 13:42:22,878 - ͳѡModelline/AssyϢ
2018-11-02 13:42:27,254 - ʵ
2018-11-02 13:42:30,073 - ȡLINESб
2018-11-02 13:42:31,349 - assy,date,time_part,ȡFirstλϢһ
2018-11-02 13:46:29,826 - ʵ
2018-11-02 13:46:30,013 - ȡLINESб
2018-11-02 13:46:32,623 - assy,date,time_part,ȡFirstλϢһ
2018-11-02 13:46:36,452 - assy,date,time_part,ȡSecondλϢһ
2018-12-02 14:10:26,636 - HOME Page
2018-12-02 14:10:27,440 - ȡMODELSб
